./keepclear.sh 1980 1980
./keepclear.sh 1981 1981
./keepclear.sh 1982 1982
./keepclear.sh 1983 1984
./keepclear.sh 1985 1985
./keepclear.sh 1986 1987
./keepclear.sh 1988 1988
./keepclear.sh 1989 1989
./keepclear.sh 1990 1990
./keepclear.sh 1991 1993
./keepclear.sh 1994 1994
././keepclear.sh 1995 1995
./keepclear.sh 1996 1996
./keepclear.sh 1997 2001
./keepclear.sh 2002 2002
./keepclear.sh 2003 2003
./keepclear.sh 2004 2004
./keepclear.sh 2005 2005
./keepclear.sh 2006 2008
./keepclear.sh 2009 2010
./keepclear.sh 2011 2012
./keepclear.sh 2013 2015
./keepclear.sh 2016 2018
