./keepclear.sh 1982 1982
./keepclear.sh 1983 1983
./keepclear.sh 1985 1986
./keepclear.sh 1984 1984
./keepclear.sh 1987 1987
./keepclear.sh 1988 1988
./keepclear.sh 1989 1990
./keepclear.sh 1991 1991
./keepclear.sh 1992 1994
./keepclear.sh 1995 1995
./keepclear.sh 1996 1996
./keepclear.sh 1997 1998
./keepclear.sh 1980 1980
./keepclear.sh 1981 1981
./keepclear.sh 1982 1982
./keepclear.sh 1983 1985
./keepclear.sh 1986 1987
./keepclear.sh 1988 1989
./keepclear.sh 1990 1992
./keepclear.sh 1993 1998
./keepclear.sh 1999 2001
./keepclear.sh 2002 2004
./keepclear.sh 2005 2006
./keepclear.sh 2007 2009
./keepclear.sh 2010 2012
./keepclear.sh 2013 2014
./keepclear.sh 2015 2017
./keepclear.sh 2018 2018
