./keepclear.sh 1982 1982
./keepclear.sh 1983 1983
./keepclear.sh 1985 1986
./keepclear.sh 1984 1984
./keepclear.sh 1987 1987
./keepclear.sh 1988 1988
./keepclear.sh 1989 1990
./keepclear.sh 1991 1991
./keepclear.sh 1992 1994
./keepclear.sh 1995 1995
./keepclear.sh 1996 1996
./keepclear.sh 1997 1998
./keepclear.sh 1999 1999
./keepclear.sh 2000 2002
./keepclear.sh 2003 2003
./keepclear.sh 2004 2004
./keepclear.sh 2005 2005
./keepclear.sh 2006 2007
./keepclear.sh 2008 2008
./keepclear.sh 2009 2010
./keepclear.sh 2011 2011
./keepclear.sh 2012 2012
./keepclear.sh 2013 2013
./keepclear.sh 2014 2016
./keepclear.sh 2017 2017
./keepclear.sh 2018 2018
