./keepclear.sh 1980 1980
./keepclear.sh 1981 1981
./keepclear.sh 1982 1983
./keepclear.sh 1984 1985
./keepclear.sh 1986 1988
./keepclear.sh 1989 1990
./keepclear.sh 1989 1990
./keepclear.sh 1989 1990
./keepclear.sh 1991 1993
./keepclear.sh 1994 1999
./keepclear.sh 2000 2002
./keepclear.sh 2000 2002
./keepclear.sh 2000 2002
./keepclear.sh 2003 2004
./keepclear.sh 2005 2007
./keepclear.sh 2008 2010
./keepclear.sh 2011 2012
./keepclear.sh 2011 2012
./keepclear.sh 2011 2012
./keepclear.sh 2013 2014
./keepclear.sh 2015 2017
./keepclear.sh 2018 2018
